<?xml version="1.0" encoding="UTF-8"?>
<!-- Generated by org.testng.reporters.JUnitReportReporter -->
<testsuite hostname="LAPTOP-270M4TK0" failures="0" tests="1" name="guru99Application.rightClick" time="16.266" errors="0" timestamp="2023-06-29T19:39:02 IST" skipped="0">
  <testcase classname="guru99Application.rightClick" name="dragandDrop" time="16.266"/>
</testsuite> <!-- guru99Application.rightClick -->
