<?xml version="1.0" encoding="UTF-8"?>
<!-- Generated by org.testng.reporters.JUnitReportReporter -->
<testsuite hostname="LAPTOP-270M4TK0" failures="0" tests="1" name="guru99Application.keyboardActions" time="15.241" errors="0" timestamp="2023-06-29T20:34:21 IST" skipped="0">
  <testcase classname="guru99Application.keyboardActions" name="keyboardActions" time="15.241"/>
</testsuite> <!-- guru99Application.keyboardActions -->
