<?xml version="1.0" encoding="UTF-8"?>
<!-- Generated by org.testng.reporters.JUnitReportReporter -->
<testsuite hostname="LAPTOP-270M4TK0" failures="0" tests="1" name="guru99Application.resizeTextbox" time="14.320" errors="0" timestamp="2023-06-29T20:01:29 IST" skipped="0">
  <testcase classname="guru99Application.resizeTextbox" name="resizeTextbox" time="14.320"/>
</testsuite> <!-- guru99Application.resizeTextbox -->
