<?xml version="1.0" encoding="UTF-8"?>
<!-- Generated by org.testng.reporters.JUnitReportReporter -->
<testsuite hostname="LAPTOP-270M4TK0" failures="0" tests="1" name="guru99Application.Guru99ApplicationTest" time="27.609" errors="0" timestamp="2023-06-29T10:09:45 IST" skipped="0">
  <testcase classname="guru99Application.Guru99ApplicationTest" name="alertPopup" time="27.609"/>
</testsuite> <!-- guru99Application.Guru99ApplicationTest -->
