<?xml version="1.0" encoding="UTF-8"?>
<!-- Generated by org.testng.reporters.JUnitReportReporter -->
<testsuite hostname="LAPTOP-270M4TK0" failures="0" tests="1" name="selenium.WorkingWithChrome" time="2.329" errors="0" timestamp="2023-06-14T08:58:48 IST" skipped="0">
  <testcase classname="selenium.WorkingWithChrome" name="getTitle" time="2.329"/>
</testsuite> <!-- selenium.WorkingWithChrome -->
