<?xml version="1.0" encoding="UTF-8"?>
<!-- Generated by org.testng.reporters.JUnitReportReporter -->
<testsuite hostname="LAPTOP-270M4TK0" failures="0" tests="1" name="guru99Application.draganddrop" time="13.584" errors="0" timestamp="2023-06-29T10:28:33 IST" skipped="0">
  <testcase classname="guru99Application.draganddrop" name="dragandDrop" time="13.584"/>
</testsuite> <!-- guru99Application.draganddrop -->
